  CircleObject.cpp
D:\NGP_Agario\client\NGP_Agario_Client\CircleObject.cpp(21,12): warning C4244: '=': 'int'에서 'float'(으)로 변환하면서 데이터가 손실될 수 있습니다.
D:\NGP_Agario\client\NGP_Agario_Client\CircleObject.cpp(26,12): warning C4244: 'return': 'float'에서 'int'(으)로 변환하면서 데이터가 손실될 수 있습니다.
D:\NGP_Agario\client\NGP_Agario_Client\CircleObject.cpp(31,20): warning C4244: '초기화 중': 'double'에서 'float'(으)로 변환하면서 데이터가 손실될 수 있습니다.
D:\NGP_Agario\client\NGP_Agario_Client\CircleObject.cpp(45,94): warning C4244: '인수': 'float'에서 'int'(으)로 변환하면서 데이터가 손실될 수 있습니다.
D:\NGP_Agario\client\NGP_Agario_Client\CircleObject.cpp(45,71): warning C4244: '인수': 'float'에서 'int'(으)로 변환하면서 데이터가 손실될 수 있습니다.
D:\NGP_Agario\client\NGP_Agario_Client\CircleObject.cpp(45,50): warning C4244: '인수': 'float'에서 'int'(으)로 변환하면서 데이터가 손실될 수 있습니다.
D:\NGP_Agario\client\NGP_Agario_Client\CircleObject.cpp(45,29): warning C4244: '인수': 'float'에서 'int'(으)로 변환하면서 데이터가 손실될 수 있습니다.
  ClientSend.cpp
D:\NGP_Agario\client\NGP_Agario_Client\framework.h(8,1): warning C4005: 'WIN32_LEAN_AND_MEAN': 매크로 재정의
D:\NGP_Agario\client\NGP_Agario_Client\ClientSend.cpp(4): message : 'WIN32_LEAN_AND_MEAN'의 이전 정의를 참조하십시오.
D:\NGP_Agario\client\NGP_Agario_Client\ClientSend.cpp(159,9): warning C4996: 'itoa': The POSIX name for this item is deprecated. Instead, use the ISO C and C++ conformant name: _itoa. See online help for details.
D:\NGP_Agario\client\NGP_Agario_Client\ClientSend.cpp(170,5): warning C4996: 'itoa': The POSIX name for this item is deprecated. Instead, use the ISO C and C++ conformant name: _itoa. See online help for details.
  Map.cpp
  NGP_Agario_Client.cpp
  Player.cpp
  Position.cpp
  코드를 생성하고 있습니다...
D:\NGP_Agario\client\NGP_Agario_Client\Player.cpp(12): warning C4715: 'Player::VerticalInput': 모든 제어 경로에서 값을 반환하지는 않습니다.
D:\NGP_Agario\client\NGP_Agario_Client\Player.cpp(24): warning C4715: 'Player::HorizontalInput': 모든 제어 경로에서 값을 반환하지는 않습니다.
  NGP_Agario_Client.vcxproj -> D:\NGP_Agario\client\x64\Debug\NGP_Agario_Client.exe
