  CircleObject.cpp
D:\NGP_Agario\sever\NGP_Agario_Server\NGP_Agario_Server\CircleObject.cpp(21,12): warning C4244: '=': 'int'에서 'float'(으)로 변환하면서 데이터가 손실될 수 있습니다.
D:\NGP_Agario\sever\NGP_Agario_Server\NGP_Agario_Server\CircleObject.cpp(26,12): warning C4244: 'return': 'float'에서 'int'(으)로 변환하면서 데이터가 손실될 수 있습니다.
D:\NGP_Agario\sever\NGP_Agario_Server\NGP_Agario_Server\CircleObject.cpp(31,20): warning C4244: '초기화 중': 'double'에서 'float'(으)로 변환하면서 데이터가 손실될 수 있습니다.
D:\NGP_Agario\sever\NGP_Agario_Server\NGP_Agario_Server\CircleObject.cpp(45,94): warning C4244: '인수': 'float'에서 'int'(으)로 변환하면서 데이터가 손실될 수 있습니다.
D:\NGP_Agario\sever\NGP_Agario_Server\NGP_Agario_Server\CircleObject.cpp(45,71): warning C4244: '인수': 'float'에서 'int'(으)로 변환하면서 데이터가 손실될 수 있습니다.
D:\NGP_Agario\sever\NGP_Agario_Server\NGP_Agario_Server\CircleObject.cpp(45,50): warning C4244: '인수': 'float'에서 'int'(으)로 변환하면서 데이터가 손실될 수 있습니다.
D:\NGP_Agario\sever\NGP_Agario_Server\NGP_Agario_Server\CircleObject.cpp(45,29): warning C4244: '인수': 'float'에서 'int'(으)로 변환하면서 데이터가 손실될 수 있습니다.
  Map.cpp
  NGP_Agario_Server.cpp
D:\NGP_Agario\sever\NGP_Agario_Server\NGP_Agario_Server\NGP_Agario_Server.cpp(81,6): warning C4101: 'Player_id' :참조되지 않은 지역 변수입니다.
D:\NGP_Agario\sever\NGP_Agario_Server\NGP_Agario_Server\NGP_Agario_Server.cpp(221,9): warning C4101: 'hThread' :참조되지 않은 지역 변수입니다.
D:\NGP_Agario\sever\NGP_Agario_Server\NGP_Agario_Server\NGP_Agario_Server.cpp(218,9): warning C4101: 'client_sock' :참조되지 않은 지역 변수입니다.
D:\NGP_Agario\sever\NGP_Agario_Server\NGP_Agario_Server\NGP_Agario_Server.cpp(219,14): warning C4101: 'clientaddr' :참조되지 않은 지역 변수입니다.
D:\NGP_Agario\sever\NGP_Agario_Server\NGP_Agario_Server\NGP_Agario_Server.cpp(220,6): warning C4101: 'addrlen' :참조되지 않은 지역 변수입니다.
  Player.cpp
  Position.cpp
  코드를 생성하고 있습니다...
D:\NGP_Agario\sever\NGP_Agario_Server\NGP_Agario_Server\Player.cpp(24): warning C4715: 'Player::HorizontalInput': 모든 제어 경로에서 값을 반환하지는 않습니다.
D:\NGP_Agario\sever\NGP_Agario_Server\NGP_Agario_Server\Player.cpp(12): warning C4715: 'Player::VerticalInput': 모든 제어 경로에서 값을 반환하지는 않습니다.
  NGP_Agario_Server.vcxproj -> D:\NGP_Agario\sever\NGP_Agario_Server\x64\Debug\NGP_Agario_Server.exe
