C:\Program Files (x86)\Microsoft Visual Studio\2019\Community\MSBuild\Microsoft\VC\v160\Microsoft.CppBuild.targets(467,5): warning MSB8028: 중간 디렉터리(Debug\)에 다른 프로젝트(NGP_Agario_Client.vcxproj)에서 공유하는 파일이 포함되어 있습니다.  이로 인해 잘못된 정리 및 다시 빌드 동작이 수행될 수 있습니다.
  CircleObject.cpp
D:\NGP_Agario\sever\NGP_Agario_Server - 이예림\client\NGP_Agario_Client\CircleObject.cpp(21,12): warning C4244: '=': 'int'에서 'float'(으)로 변환하면서 데이터가 손실될 수 있습니다.
D:\NGP_Agario\sever\NGP_Agario_Server - 이예림\client\NGP_Agario_Client\CircleObject.cpp(26,12): warning C4244: 'return': 'float'에서 'int'(으)로 변환하면서 데이터가 손실될 수 있습니다.
D:\NGP_Agario\sever\NGP_Agario_Server - 이예림\client\NGP_Agario_Client\CircleObject.cpp(31,20): warning C4244: '초기화 중': 'double'에서 'float'(으)로 변환하면서 데이터가 손실될 수 있습니다.
D:\NGP_Agario\sever\NGP_Agario_Server - 이예림\client\NGP_Agario_Client\CircleObject.cpp(45,94): warning C4244: '인수': 'float'에서 'int'(으)로 변환하면서 데이터가 손실될 수 있습니다.
D:\NGP_Agario\sever\NGP_Agario_Server - 이예림\client\NGP_Agario_Client\CircleObject.cpp(45,71): warning C4244: '인수': 'float'에서 'int'(으)로 변환하면서 데이터가 손실될 수 있습니다.
D:\NGP_Agario\sever\NGP_Agario_Server - 이예림\client\NGP_Agario_Client\CircleObject.cpp(45,50): warning C4244: '인수': 'float'에서 'int'(으)로 변환하면서 데이터가 손실될 수 있습니다.
D:\NGP_Agario\sever\NGP_Agario_Server - 이예림\client\NGP_Agario_Client\CircleObject.cpp(45,29): warning C4244: '인수': 'float'에서 'int'(으)로 변환하면서 데이터가 손실될 수 있습니다.
  Map.cpp
D:\NGP_Agario\sever\NGP_Agario_Server - 이예림\client\NGP_Agario_Client\Map.cpp(47,37): warning C4838: 'double'에서 'LONG'(으)로의 변환에는 축소 변환이 필요합니다.
D:\NGP_Agario\sever\NGP_Agario_Server - 이예림\client\NGP_Agario_Client\Map.cpp(47,37): warning C4244: '초기화 중': 'double'에서 'LONG'(으)로 변환하면서 데이터가 손실될 수 있습니다.
D:\NGP_Agario\sever\NGP_Agario_Server - 이예림\client\NGP_Agario_Client\Map.cpp(47,87): warning C4838: 'double'에서 'LONG'(으)로의 변환에는 축소 변환이 필요합니다.
D:\NGP_Agario\sever\NGP_Agario_Server - 이예림\client\NGP_Agario_Client\Map.cpp(47,87): warning C4244: '초기화 중': 'double'에서 'LONG'(으)로 변환하면서 데이터가 손실될 수 있습니다.
D:\NGP_Agario\sever\NGP_Agario_Server - 이예림\client\NGP_Agario_Client\Map.cpp(47,138): warning C4838: 'double'에서 'LONG'(으)로의 변환에는 축소 변환이 필요합니다.
D:\NGP_Agario\sever\NGP_Agario_Server - 이예림\client\NGP_Agario_Client\Map.cpp(47,138): warning C4244: '초기화 중': 'double'에서 'LONG'(으)로 변환하면서 데이터가 손실될 수 있습니다.
D:\NGP_Agario\sever\NGP_Agario_Server - 이예림\client\NGP_Agario_Client\Map.cpp(48,56): error C2664: 'int DrawTextW(HDC,LPCWSTR,int,LPRECT,UINT)': 인수 2을(를) 'char [80]'에서 'LPCWSTR'(으)로 변환할 수 없습니다.
D:\NGP_Agario\sever\NGP_Agario_Server - 이예림\client\NGP_Agario_Client\Map.cpp(48,17): message : 가리킨 형식이 관련이 없습니다. 변환하려면 reinterpret_cast, C 스타일 캐스트 또는 함수 스타일 캐스트가 필요합니다.
C:\Program Files (x86)\Windows Kits\10\Include\10.0.18362.0\um\winuser.h(8175,1): message : 'DrawTextW' 선언을 참조하십시오.
D:\NGP_Agario\sever\NGP_Agario_Server - 이예림\client\NGP_Agario_Client\Map.cpp(53,84): warning C4838: 'double'에서 'LONG'(으)로의 변환에는 축소 변환이 필요합니다.
D:\NGP_Agario\sever\NGP_Agario_Server - 이예림\client\NGP_Agario_Client\Map.cpp(53,84): warning C4244: '초기화 중': 'double'에서 'LONG'(으)로 변환하면서 데이터가 손실될 수 있습니다.
D:\NGP_Agario\sever\NGP_Agario_Server - 이예림\client\NGP_Agario_Client\Map.cpp(53,179): warning C4838: 'double'에서 'LONG'(으)로의 변환에는 축소 변환이 필요합니다.
D:\NGP_Agario\sever\NGP_Agario_Server - 이예림\client\NGP_Agario_Client\Map.cpp(53,179): warning C4244: '초기화 중': 'double'에서 'LONG'(으)로 변환하면서 데이터가 손실될 수 있습니다.
D:\NGP_Agario\sever\NGP_Agario_Server - 이예림\client\NGP_Agario_Client\Map.cpp(54,72): error C2664: 'int DrawTextW(HDC,LPCWSTR,int,LPRECT,UINT)': 인수 2을(를) 'char [80]'에서 'LPCWSTR'(으)로 변환할 수 없습니다.
D:\NGP_Agario\sever\NGP_Agario_Server - 이예림\client\NGP_Agario_Client\Map.cpp(54,17): message : 가리킨 형식이 관련이 없습니다. 변환하려면 reinterpret_cast, C 스타일 캐스트 또는 함수 스타일 캐스트가 필요합니다.
C:\Program Files (x86)\Windows Kits\10\Include\10.0.18362.0\um\winuser.h(8175,1): message : 'DrawTextW' 선언을 참조하십시오.
D:\NGP_Agario\sever\NGP_Agario_Server - 이예림\client\NGP_Agario_Client\Map.cpp(45,3): error C4996: 'sprintf': This function or variable may be unsafe. Consider using sprintf_s instead. To disable deprecation, use _CRT_SECURE_NO_WARNINGS. See online help for details.
D:\NGP_Agario\sever\NGP_Agario_Server - 이예림\client\NGP_Agario_Client\Map.cpp(52,3): error C4996: 'sprintf': This function or variable may be unsafe. Consider using sprintf_s instead. To disable deprecation, use _CRT_SECURE_NO_WARNINGS. See online help for details.
  NGP_Agario_Client.cpp
D:\NGP_Agario\sever\NGP_Agario_Server - 이예림\client\NGP_Agario_Client\NGP_Agario_Client.cpp(68,12): warning C4477: 'printf' : 서식 문자열 '%s'에 'char *' 형식의 인수가 필요하지만 variadic 인수 2의 형식이 'LPCTSTR'입니다.
D:\NGP_Agario\sever\NGP_Agario_Server - 이예림\client\NGP_Agario_Client\NGP_Agario_Client.cpp(68,12): message : 서식 문자열에서 '%ls'을(를) 사용하는 것이 좋습니다.
D:\NGP_Agario\sever\NGP_Agario_Server - 이예림\client\NGP_Agario_Client\NGP_Agario_Client.cpp(68,12): message : 서식 문자열에서 '%lls'을(를) 사용하는 것이 좋습니다.
D:\NGP_Agario\sever\NGP_Agario_Server - 이예림\client\NGP_Agario_Client\NGP_Agario_Client.cpp(68,12): message : 서식 문자열에서 '%Ls'을(를) 사용하는 것이 좋습니다.
D:\NGP_Agario\sever\NGP_Agario_Server - 이예림\client\NGP_Agario_Client\NGP_Agario_Client.cpp(68,12): message : 서식 문자열에서 '%ws'을(를) 사용하는 것이 좋습니다.
D:\NGP_Agario\sever\NGP_Agario_Server - 이예림\client\NGP_Agario_Client\NGP_Agario_Client.cpp(97,10): warning C4101: 'buf' :참조되지 않은 지역 변수입니다.
D:\NGP_Agario\sever\NGP_Agario_Server - 이예림\client\NGP_Agario_Client\NGP_Agario_Client.cpp(99,18): warning C4101: 'count' :참조되지 않은 지역 변수입니다.
D:\NGP_Agario\sever\NGP_Agario_Server - 이예림\client\NGP_Agario_Client\NGP_Agario_Client.cpp(265,35): error C2664: 'BOOL SetWindowTextW(HWND,LPCWSTR)': 인수 2을(를) 'initializer list'에서 'LPCWSTR'(으)로 변환할 수 없습니다.
D:\NGP_Agario\sever\NGP_Agario_Server - 이예림\client\NGP_Agario_Client\NGP_Agario_Client.cpp(265,35): message : 원인: 'const char [6]'에서 'LPCWSTR'(으)로 변환할 수 없습니다.
D:\NGP_Agario\sever\NGP_Agario_Server - 이예림\client\NGP_Agario_Client\NGP_Agario_Client.cpp(265,26): message : 가리킨 형식이 관련이 없습니다. 변환하려면 reinterpret_cast, C 스타일 캐스트 또는 함수 스타일 캐스트가 필요합니다.
C:\Program Files (x86)\Windows Kits\10\Include\10.0.18362.0\um\winuser.h(8902,1): message : 'SetWindowTextW' 선언을 참조하십시오.
  Player.cpp
  Position.cpp
  코드를 생성하고 있습니다...
D:\NGP_Agario\sever\NGP_Agario_Server - 이예림\client\NGP_Agario_Client\Player.cpp(24): warning C4715: 'Player::HorizontalInput': 모든 제어 경로에서 값을 반환하지는 않습니다.
D:\NGP_Agario\sever\NGP_Agario_Server - 이예림\client\NGP_Agario_Client\Player.cpp(12): warning C4715: 'Player::VerticalInput': 모든 제어 경로에서 값을 반환하지는 않습니다.
